2025-09-04 11:00:25,774 INFO o.a.j.u.JMeterUtils: Setting Locale to en_EN
2025-09-04 11:00:25,814 INFO o.a.j.JMeter: Loading user properties from: /opt/jmeter/bin/user.properties
2025-09-04 11:00:25,815 INFO o.a.j.JMeter: Loading system properties from: /opt/jmeter/bin/system.properties
2025-09-04 11:00:25,827 INFO o.a.j.JMeter: Copyright (c) 1998-2024 The Apache Software Foundation
2025-09-04 11:00:25,827 INFO o.a.j.JMeter: Version 5.6.3
2025-09-04 11:00:25,827 INFO o.a.j.JMeter: java.version=17.0.16
2025-09-04 11:00:25,827 INFO o.a.j.JMeter: java.vm.name=OpenJDK 64-Bit Server VM
2025-09-04 11:00:25,827 INFO o.a.j.JMeter: os.name=Linux
2025-09-04 11:00:25,828 INFO o.a.j.JMeter: os.arch=amd64
2025-09-04 11:00:25,828 INFO o.a.j.JMeter: os.version=6.14.0-29-generic
2025-09-04 11:00:25,828 INFO o.a.j.JMeter: file.encoding=UTF-8
2025-09-04 11:00:25,828 INFO o.a.j.JMeter: java.awt.headless=null
2025-09-04 11:00:25,828 INFO o.a.j.JMeter: Max memory     =1073741824
2025-09-04 11:00:25,828 INFO o.a.j.JMeter: Available Processors =8
2025-09-04 11:00:25,850 INFO o.a.j.JMeter: Default Locale=English (EN)
2025-09-04 11:00:25,850 INFO o.a.j.JMeter: JMeter  Locale=English (EN)
2025-09-04 11:00:25,851 INFO o.a.j.JMeter: JMeterHome=/opt/jmeter
2025-09-04 11:00:25,851 INFO o.a.j.JMeter: user.dir  =/home/ignacio/IdeaProjects/prototipo-api
2025-09-04 11:00:25,851 INFO o.a.j.JMeter: PWD       =/home/ignacio/IdeaProjects/prototipo-api
2025-09-04 11:00:25,851 INFO o.a.j.JMeter: IP: 127.0.1.1 Name: ignacio-VMware-Virtual-Platform FullName: ignacio-VMware-Virtual-Platform
2025-09-04 11:00:25,884 INFO o.a.j.JMeter: Loaded icon properties from org/apache/jmeter/images/icon.properties
2025-09-04 11:00:26,429 INFO o.a.j.JMeterGuiLauncher: Setting LAF to: com.github.weisj.darklaf.DarkLaf:com.github.weisj.darklaf.theme.DarculaTheme
2025-09-04 11:00:40,157 INFO o.a.j.s.FileServer: Default base='/home/ignacio/IdeaProjects/prototipo-api'
2025-09-04 11:00:40,162 INFO o.a.j.g.a.Load: Loading file: /home/ignacio/IdeaProjects/prototipo-api/TestJMeter/testTrafico.jmx
2025-09-04 11:00:40,162 INFO o.a.j.s.FileServer: Set new base='/home/ignacio/IdeaProjects/prototipo-api/TestJMeter'
2025-09-04 11:00:40,496 INFO o.a.j.s.SaveService: Testplan (JMX) version: 2.2. Testlog (JTL) version: 2.2
2025-09-04 11:00:40,559 INFO o.a.j.s.SaveService: Using SaveService properties version 5.0
2025-09-04 11:00:40,561 INFO o.a.j.s.SaveService: Using SaveService properties file encoding UTF-8
2025-09-04 11:00:40,564 INFO o.a.j.s.SaveService: Loading file: /home/ignacio/IdeaProjects/prototipo-api/TestJMeter/testTrafico.jmx
2025-09-04 11:00:40,610 INFO o.a.j.p.h.s.HTTPSamplerBase: Parser for text/html is org.apache.jmeter.protocol.http.parser.LagartoBasedHtmlParser
2025-09-04 11:00:40,611 INFO o.a.j.p.h.s.HTTPSamplerBase: Parser for application/xhtml+xml is org.apache.jmeter.protocol.http.parser.LagartoBasedHtmlParser
2025-09-04 11:00:40,611 INFO o.a.j.p.h.s.HTTPSamplerBase: Parser for application/xml is org.apache.jmeter.protocol.http.parser.LagartoBasedHtmlParser
2025-09-04 11:00:40,611 INFO o.a.j.p.h.s.HTTPSamplerBase: Parser for text/xml is org.apache.jmeter.protocol.http.parser.LagartoBasedHtmlParser
2025-09-04 11:00:40,611 INFO o.a.j.p.h.s.HTTPSamplerBase: Parser for text/vnd.wap.wml is org.apache.jmeter.protocol.http.parser.RegexpHTMLParser
2025-09-04 11:00:40,611 INFO o.a.j.p.h.s.HTTPSamplerBase: Parser for text/css is org.apache.jmeter.protocol.http.parser.CssParser
2025-09-04 11:00:41,212 INFO o.a.j.s.SampleResult: Note: Sample TimeStamps are START times
2025-09-04 11:00:41,213 INFO o.a.j.s.SampleResult: sampleresult.default.encoding is set to UTF-8
2025-09-04 11:00:41,213 INFO o.a.j.s.SampleResult: sampleresult.useNanoTime=true
2025-09-04 11:00:41,213 INFO o.a.j.s.SampleResult: sampleresult.nanoThreadSleep=5000
2025-09-04 11:00:42,586 INFO o.a.j.s.FileServer: Set new base='/home/ignacio/IdeaProjects/prototipo-api/TestJMeter'
2025-09-04 11:00:49,617 INFO o.a.j.e.StandardJMeterEngine: Running the test!
2025-09-04 11:00:49,618 INFO o.a.j.s.SampleEvent: List of sample_variables: []
2025-09-04 11:00:49,618 INFO o.a.j.s.SampleEvent: List of sample_variables: []
2025-09-04 11:00:49,619 INFO o.a.j.e.u.CompoundVariable: Note: Function class names must contain the string: '.functions.'
2025-09-04 11:00:49,619 INFO o.a.j.e.u.CompoundVariable: Note: Function class names must not contain the string: '.gui.'
2025-09-04 11:00:49,653 INFO o.a.j.g.u.JMeterMenuBar: setRunning(true, *local*)
2025-09-04 11:00:49,674 INFO o.a.j.e.StandardJMeterEngine: Starting ThreadGroup: 1 : Registro de usuarios
2025-09-04 11:00:49,674 INFO o.a.j.e.StandardJMeterEngine: Starting 20 threads for group Registro de usuarios.
2025-09-04 11:00:49,674 INFO o.a.j.e.StandardJMeterEngine: Thread will continue on error
2025-09-04 11:00:49,675 INFO o.a.j.t.ThreadGroup: Starting thread group... number=1 threads=20 ramp-up=1 delayedStart=false
2025-09-04 11:00:49,680 INFO o.a.j.t.JMeterThread: Thread started: Registro de usuarios 1-1
2025-09-04 11:00:49,682 INFO o.a.j.s.FileServer: Stored: /home/ignacio/IdeaProjects/prototipo-api/TestJMeter/usuarios_ejemplo.csv
2025-09-04 11:00:49,691 INFO o.a.j.t.ThreadGroup: Started thread group number 1
2025-09-04 11:00:49,691 INFO o.a.j.e.StandardJMeterEngine: All thread groups have been started
2025-09-04 11:00:49,713 INFO o.a.j.p.h.s.HTTPHCAbstractImpl: Local host = ignacio-VMware-Virtual-Platform
2025-09-04 11:00:49,722 INFO o.a.j.p.h.s.HTTPHC4Impl: HTTP request retry count = 0
2025-09-04 11:00:49,730 INFO o.a.j.t.JMeterThread: Thread started: Registro de usuarios 1-2
2025-09-04 11:00:49,778 INFO o.a.j.t.JMeterThread: Thread started: Registro de usuarios 1-3
2025-09-04 11:00:49,831 INFO o.a.j.t.JMeterThread: Thread started: Registro de usuarios 1-4
2025-09-04 11:00:49,879 INFO o.a.j.t.JMeterThread: Thread started: Registro de usuarios 1-5
2025-09-04 11:00:49,929 INFO o.a.j.t.JMeterThread: Thread started: Registro de usuarios 1-6
2025-09-04 11:00:49,977 INFO o.a.j.t.JMeterThread: Thread started: Registro de usuarios 1-7
2025-09-04 11:00:50,040 INFO o.a.j.t.JMeterThread: Thread started: Registro de usuarios 1-8
2025-09-04 11:00:50,077 INFO o.a.j.t.JMeterThread: Thread started: Registro de usuarios 1-9
2025-09-04 11:00:50,127 INFO o.a.j.t.JMeterThread: Thread started: Registro de usuarios 1-10
2025-09-04 11:00:50,177 INFO o.a.j.t.JMeterThread: Thread started: Registro de usuarios 1-11
2025-09-04 11:00:50,226 INFO o.a.j.t.JMeterThread: Thread started: Registro de usuarios 1-12
2025-09-04 11:00:50,277 INFO o.a.j.t.JMeterThread: Thread started: Registro de usuarios 1-13
2025-09-04 11:00:50,326 INFO o.a.j.t.JMeterThread: Thread started: Registro de usuarios 1-14
2025-09-04 11:00:50,376 INFO o.a.j.t.JMeterThread: Thread started: Registro de usuarios 1-15
2025-09-04 11:00:50,430 INFO o.a.j.t.JMeterThread: Thread started: Registro de usuarios 1-16
2025-09-04 11:00:50,479 INFO o.a.j.t.JMeterThread: Thread started: Registro de usuarios 1-17
2025-09-04 11:00:50,528 INFO o.a.j.t.JMeterThread: Thread started: Registro de usuarios 1-18
2025-09-04 11:00:50,577 INFO o.a.j.t.JMeterThread: Thread started: Registro de usuarios 1-19
2025-09-04 11:00:50,628 INFO o.a.j.t.JMeterThread: Thread started: Registro de usuarios 1-20
2025-09-04 11:00:53,836 INFO o.a.j.t.JMeterThread: Thread is done: Registro de usuarios 1-11
2025-09-04 11:00:53,836 INFO o.a.j.t.JMeterThread: Thread is done: Registro de usuarios 1-9
2025-09-04 11:00:53,836 INFO o.a.j.t.JMeterThread: Thread finished: Registro de usuarios 1-11
2025-09-04 11:00:53,836 INFO o.a.j.t.JMeterThread: Thread finished: Registro de usuarios 1-9
2025-09-04 11:00:54,418 INFO o.a.j.t.JMeterThread: Thread is done: Registro de usuarios 1-8
2025-09-04 11:00:54,419 INFO o.a.j.t.JMeterThread: Thread finished: Registro de usuarios 1-8
2025-09-04 11:00:54,423 INFO o.a.j.t.JMeterThread: Thread is done: Registro de usuarios 1-17
2025-09-04 11:00:54,423 INFO o.a.j.t.JMeterThread: Thread finished: Registro de usuarios 1-17
2025-09-04 11:00:54,423 INFO o.a.j.t.JMeterThread: Thread is done: Registro de usuarios 1-4
2025-09-04 11:00:54,423 INFO o.a.j.t.JMeterThread: Thread finished: Registro de usuarios 1-4
2025-09-04 11:00:54,428 INFO o.a.j.t.JMeterThread: Thread is done: Registro de usuarios 1-10
2025-09-04 11:00:54,428 INFO o.a.j.t.JMeterThread: Thread finished: Registro de usuarios 1-10
2025-09-04 11:00:54,430 INFO o.a.j.t.JMeterThread: Thread is done: Registro de usuarios 1-14
2025-09-04 11:00:54,431 INFO o.a.j.t.JMeterThread: Thread finished: Registro de usuarios 1-14
2025-09-04 11:00:54,432 INFO o.a.j.t.JMeterThread: Thread is done: Registro de usuarios 1-13
2025-09-04 11:00:54,432 INFO o.a.j.t.JMeterThread: Thread finished: Registro de usuarios 1-13
2025-09-04 11:00:54,517 INFO o.a.j.t.JMeterThread: Thread is done: Registro de usuarios 1-5
2025-09-04 11:00:54,517 INFO o.a.j.t.JMeterThread: Thread finished: Registro de usuarios 1-5
2025-09-04 11:00:54,522 INFO o.a.j.t.JMeterThread: Thread is done: Registro de usuarios 1-15
2025-09-04 11:00:54,522 INFO o.a.j.t.JMeterThread: Thread finished: Registro de usuarios 1-15
2025-09-04 11:00:54,524 INFO o.a.j.t.JMeterThread: Thread is done: Registro de usuarios 1-20
2025-09-04 11:00:54,524 INFO o.a.j.t.JMeterThread: Thread finished: Registro de usuarios 1-20
2025-09-04 11:00:54,664 INFO o.a.j.t.JMeterThread: Thread is done: Registro de usuarios 1-2
2025-09-04 11:00:54,664 INFO o.a.j.t.JMeterThread: Thread is done: Registro de usuarios 1-1
2025-09-04 11:00:54,664 INFO o.a.j.t.JMeterThread: Thread finished: Registro de usuarios 1-2
2025-09-04 11:00:54,664 INFO o.a.j.t.JMeterThread: Thread is done: Registro de usuarios 1-12
2025-09-04 11:00:54,664 INFO o.a.j.t.JMeterThread: Thread is done: Registro de usuarios 1-18
2025-09-04 11:00:54,665 INFO o.a.j.t.JMeterThread: Thread finished: Registro de usuarios 1-18
2025-09-04 11:00:54,664 INFO o.a.j.t.JMeterThread: Thread is done: Registro de usuarios 1-3
2025-09-04 11:00:54,665 INFO o.a.j.t.JMeterThread: Thread finished: Registro de usuarios 1-1
2025-09-04 11:00:54,665 INFO o.a.j.t.JMeterThread: Thread finished: Registro de usuarios 1-12
2025-09-04 11:00:54,665 INFO o.a.j.t.JMeterThread: Thread finished: Registro de usuarios 1-3
2025-09-04 11:00:54,666 INFO o.a.j.t.JMeterThread: Thread is done: Registro de usuarios 1-16
2025-09-04 11:00:54,666 INFO o.a.j.t.JMeterThread: Thread finished: Registro de usuarios 1-16
2025-09-04 11:00:54,667 INFO o.a.j.t.JMeterThread: Thread is done: Registro de usuarios 1-6
2025-09-04 11:00:54,667 INFO o.a.j.t.JMeterThread: Thread finished: Registro de usuarios 1-6
2025-09-04 11:00:54,667 INFO o.a.j.t.JMeterThread: Thread is done: Registro de usuarios 1-19
2025-09-04 11:00:54,667 INFO o.a.j.t.JMeterThread: Thread finished: Registro de usuarios 1-19
2025-09-04 11:00:54,667 INFO o.a.j.t.JMeterThread: Thread is done: Registro de usuarios 1-7
2025-09-04 11:00:54,667 INFO o.a.j.t.JMeterThread: Thread finished: Registro de usuarios 1-7
2025-09-04 11:00:54,668 INFO o.a.j.e.StandardJMeterEngine: Notifying test listeners of end of test
2025-09-04 11:00:54,669 INFO o.a.j.s.FileServer: Close: /home/ignacio/IdeaProjects/prototipo-api/TestJMeter/usuarios_ejemplo.csv
2025-09-04 11:00:54,670 INFO o.a.j.g.u.JMeterMenuBar: setRunning(false, *local*)
2025-09-04 11:01:17,103 INFO o.a.j.e.StandardJMeterEngine: Running the test!
2025-09-04 11:01:17,103 INFO o.a.j.s.SampleEvent: List of sample_variables: []
2025-09-04 11:01:17,104 INFO o.a.j.g.u.JMeterMenuBar: setRunning(true, *local*)
2025-09-04 11:01:17,136 INFO o.a.j.e.StandardJMeterEngine: Starting ThreadGroup: 1 : Registro de usuarios
2025-09-04 11:01:17,137 INFO o.a.j.e.StandardJMeterEngine: Starting 20 threads for group Registro de usuarios.
2025-09-04 11:01:17,137 INFO o.a.j.e.StandardJMeterEngine: Thread will continue on error
2025-09-04 11:01:17,137 INFO o.a.j.t.ThreadGroup: Starting thread group... number=1 threads=20 ramp-up=1 delayedStart=false
2025-09-04 11:01:17,138 INFO o.a.j.t.JMeterThread: Thread started: Registro de usuarios 1-1
2025-09-04 11:01:17,138 INFO o.a.j.s.FileServer: Stored: /home/ignacio/IdeaProjects/prototipo-api/TestJMeter/usuarios_ejemplo.csv
2025-09-04 11:01:17,147 INFO o.a.j.t.ThreadGroup: Started thread group number 1
2025-09-04 11:01:17,147 INFO o.a.j.e.StandardJMeterEngine: All thread groups have been started
2025-09-04 11:01:17,189 INFO o.a.j.t.JMeterThread: Thread started: Registro de usuarios 1-2
2025-09-04 11:01:17,197 INFO o.a.j.t.JMeterThread: Thread is done: Registro de usuarios 1-1
2025-09-04 11:01:17,197 INFO o.a.j.t.JMeterThread: Thread finished: Registro de usuarios 1-1
2025-09-04 11:01:17,203 INFO o.a.j.t.JMeterThread: Thread is done: Registro de usuarios 1-2
2025-09-04 11:01:17,203 INFO o.a.j.t.JMeterThread: Thread finished: Registro de usuarios 1-2
2025-09-04 11:01:17,238 INFO o.a.j.t.JMeterThread: Thread started: Registro de usuarios 1-3
2025-09-04 11:01:17,267 INFO o.a.j.t.JMeterThread: Thread is done: Registro de usuarios 1-3
2025-09-04 11:01:17,268 INFO o.a.j.t.JMeterThread: Thread finished: Registro de usuarios 1-3
2025-09-04 11:01:17,289 INFO o.a.j.t.JMeterThread: Thread started: Registro de usuarios 1-4
2025-09-04 11:01:17,298 INFO o.a.j.t.JMeterThread: Thread is done: Registro de usuarios 1-4
2025-09-04 11:01:17,298 INFO o.a.j.t.JMeterThread: Thread finished: Registro de usuarios 1-4
2025-09-04 11:01:17,338 INFO o.a.j.t.JMeterThread: Thread started: Registro de usuarios 1-5
2025-09-04 11:01:17,353 INFO o.a.j.t.JMeterThread: Thread is done: Registro de usuarios 1-5
2025-09-04 11:01:17,353 INFO o.a.j.t.JMeterThread: Thread finished: Registro de usuarios 1-5
2025-09-04 11:01:17,389 INFO o.a.j.t.JMeterThread: Thread started: Registro de usuarios 1-6
2025-09-04 11:01:17,398 INFO o.a.j.t.JMeterThread: Thread is done: Registro de usuarios 1-6
2025-09-04 11:01:17,398 INFO o.a.j.t.JMeterThread: Thread finished: Registro de usuarios 1-6
2025-09-04 11:01:17,439 INFO o.a.j.t.JMeterThread: Thread started: Registro de usuarios 1-7
2025-09-04 11:01:17,488 INFO o.a.j.t.JMeterThread: Thread started: Registro de usuarios 1-8
2025-09-04 11:01:17,496 INFO o.a.j.t.JMeterThread: Thread is done: Registro de usuarios 1-8
2025-09-04 11:01:17,497 INFO o.a.j.t.JMeterThread: Thread finished: Registro de usuarios 1-8
2025-09-04 11:01:17,538 INFO o.a.j.t.JMeterThread: Thread started: Registro de usuarios 1-9
2025-09-04 11:01:17,563 INFO o.a.j.t.JMeterThread: Thread is done: Registro de usuarios 1-7
2025-09-04 11:01:17,563 INFO o.a.j.t.JMeterThread: Thread finished: Registro de usuarios 1-7
2025-09-04 11:01:17,588 INFO o.a.j.t.JMeterThread: Thread started: Registro de usuarios 1-10
2025-09-04 11:01:17,599 INFO o.a.j.t.JMeterThread: Thread is done: Registro de usuarios 1-10
2025-09-04 11:01:17,599 INFO o.a.j.t.JMeterThread: Thread finished: Registro de usuarios 1-10
2025-09-04 11:01:17,639 INFO o.a.j.t.JMeterThread: Thread started: Registro de usuarios 1-11
2025-09-04 11:01:17,671 INFO o.a.j.t.JMeterThread: Thread is done: Registro de usuarios 1-9
2025-09-04 11:01:17,672 INFO o.a.j.t.JMeterThread: Thread finished: Registro de usuarios 1-9
2025-09-04 11:01:17,689 INFO o.a.j.t.JMeterThread: Thread started: Registro de usuarios 1-12
2025-09-04 11:01:17,704 INFO o.a.j.t.JMeterThread: Thread is done: Registro de usuarios 1-12
2025-09-04 11:01:17,704 INFO o.a.j.t.JMeterThread: Thread finished: Registro de usuarios 1-12
2025-09-04 11:01:17,739 INFO o.a.j.t.JMeterThread: Thread started: Registro de usuarios 1-13
2025-09-04 11:01:17,767 INFO o.a.j.t.JMeterThread: Thread is done: Registro de usuarios 1-13
2025-09-04 11:01:17,768 INFO o.a.j.t.JMeterThread: Thread finished: Registro de usuarios 1-13
2025-09-04 11:01:17,769 INFO o.a.j.t.JMeterThread: Thread is done: Registro de usuarios 1-11
2025-09-04 11:01:17,769 INFO o.a.j.t.JMeterThread: Thread finished: Registro de usuarios 1-11
2025-09-04 11:01:17,788 INFO o.a.j.t.JMeterThread: Thread started: Registro de usuarios 1-14
2025-09-04 11:01:17,801 INFO o.a.j.t.JMeterThread: Thread is done: Registro de usuarios 1-14
2025-09-04 11:01:17,801 INFO o.a.j.t.JMeterThread: Thread finished: Registro de usuarios 1-14
2025-09-04 11:01:17,839 INFO o.a.j.t.JMeterThread: Thread started: Registro de usuarios 1-15
2025-09-04 11:01:17,852 INFO o.a.j.t.JMeterThread: Thread is done: Registro de usuarios 1-15
2025-09-04 11:01:17,852 INFO o.a.j.t.JMeterThread: Thread finished: Registro de usuarios 1-15
2025-09-04 11:01:17,888 INFO o.a.j.t.JMeterThread: Thread started: Registro de usuarios 1-16
2025-09-04 11:01:17,897 INFO o.a.j.t.JMeterThread: Thread is done: Registro de usuarios 1-16
2025-09-04 11:01:17,898 INFO o.a.j.t.JMeterThread: Thread finished: Registro de usuarios 1-16
2025-09-04 11:01:17,939 INFO o.a.j.t.JMeterThread: Thread started: Registro de usuarios 1-17
2025-09-04 11:01:17,963 INFO o.a.j.t.JMeterThread: Thread is done: Registro de usuarios 1-17
2025-09-04 11:01:17,963 INFO o.a.j.t.JMeterThread: Thread finished: Registro de usuarios 1-17
2025-09-04 11:01:17,989 INFO o.a.j.t.JMeterThread: Thread started: Registro de usuarios 1-18
2025-09-04 11:01:18,014 INFO o.a.j.t.JMeterThread: Thread is done: Registro de usuarios 1-18
2025-09-04 11:01:18,014 INFO o.a.j.t.JMeterThread: Thread finished: Registro de usuarios 1-18
2025-09-04 11:01:18,038 INFO o.a.j.t.JMeterThread: Thread started: Registro de usuarios 1-19
2025-09-04 11:01:18,048 INFO o.a.j.t.JMeterThread: Thread is done: Registro de usuarios 1-19
2025-09-04 11:01:18,048 INFO o.a.j.t.JMeterThread: Thread finished: Registro de usuarios 1-19
2025-09-04 11:01:18,088 INFO o.a.j.t.JMeterThread: Thread started: Registro de usuarios 1-20
2025-09-04 11:01:18,098 INFO o.a.j.t.JMeterThread: Thread is done: Registro de usuarios 1-20
2025-09-04 11:01:18,098 INFO o.a.j.t.JMeterThread: Thread finished: Registro de usuarios 1-20
2025-09-04 11:01:18,098 INFO o.a.j.e.StandardJMeterEngine: Notifying test listeners of end of test
2025-09-04 11:01:18,099 INFO o.a.j.s.FileServer: Close: /home/ignacio/IdeaProjects/prototipo-api/TestJMeter/usuarios_ejemplo.csv
2025-09-04 11:01:18,099 INFO o.a.j.g.u.JMeterMenuBar: setRunning(false, *local*)
2025-09-04 11:01:59,813 INFO o.a.j.e.StandardJMeterEngine: Running the test!
2025-09-04 11:01:59,814 INFO o.a.j.s.SampleEvent: List of sample_variables: []
2025-09-04 11:01:59,818 INFO o.a.j.g.u.JMeterMenuBar: setRunning(true, *local*)
2025-09-04 11:01:59,821 INFO o.a.j.e.StandardJMeterEngine: Starting ThreadGroup: 1 : Flujo de compra
2025-09-04 11:01:59,821 INFO o.a.j.e.StandardJMeterEngine: Starting 5 threads for group Flujo de compra.
2025-09-04 11:01:59,821 INFO o.a.j.e.StandardJMeterEngine: Thread will continue on error
2025-09-04 11:01:59,821 INFO o.a.j.t.ThreadGroup: Starting thread group... number=1 threads=5 ramp-up=1 delayedStart=false
2025-09-04 11:01:59,832 INFO o.a.j.t.JMeterThread: Thread started: Flujo de compra 1-1
2025-09-04 11:01:59,833 INFO o.a.j.s.FileServer: Stored: /home/ignacio/IdeaProjects/prototipo-api/TestJMeter/usuarios_ejemplo.csv
2025-09-04 11:01:59,838 INFO o.a.j.t.ThreadGroup: Started thread group number 1
2025-09-04 11:01:59,838 INFO o.a.j.e.StandardJMeterEngine: All thread groups have been started
2025-09-04 11:02:00,025 INFO o.a.j.t.JMeterThread: Thread started: Flujo de compra 1-2
2025-09-04 11:02:00,223 INFO o.a.j.t.JMeterThread: Thread started: Flujo de compra 1-3
2025-09-04 11:02:00,423 INFO o.a.j.t.JMeterThread: Thread started: Flujo de compra 1-4
2025-09-04 11:02:00,623 INFO o.a.j.t.JMeterThread: Thread started: Flujo de compra 1-5
2025-09-04 11:02:58,602 INFO o.a.j.g.a.Start: Stopping test
2025-09-04 11:02:58,610 INFO o.a.j.t.JMeterThread: Stopping: Flujo de compra 1-3
2025-09-04 11:02:58,611 WARN o.a.j.t.JMeterThread: Interrupting: Flujo de compra 1-3 sampler: Pagar carrito
2025-09-04 11:02:58,611 INFO o.a.j.t.JMeterThread: Stopping: Flujo de compra 1-2
2025-09-04 11:02:58,611 WARN o.a.j.t.JMeterThread: Interrupting: Flujo de compra 1-2 sampler: Pagar carrito
2025-09-04 11:02:58,611 INFO o.a.j.t.JMeterThread: Stopping: Flujo de compra 1-5
2025-09-04 11:02:58,611 INFO o.a.j.t.JMeterThread: Stopping: Flujo de compra 1-1
2025-09-04 11:02:58,611 INFO o.a.j.t.JMeterThread: Stopping: Flujo de compra 1-4
2025-09-04 11:02:58,612 WARN o.a.j.t.JMeterThread: The delay timer was interrupted - probably did not wait as long as intended.
2025-09-04 11:02:58,612 INFO o.a.j.t.JMeterThread: Thread finished: Flujo de compra 1-5
2025-09-04 11:02:58,612 WARN o.a.j.t.JMeterThread: The delay timer was interrupted - probably did not wait as long as intended.
2025-09-04 11:02:58,612 INFO o.a.j.t.JMeterThread: Thread finished: Flujo de compra 1-4
2025-09-04 11:02:58,612 WARN o.a.j.t.JMeterThread: The delay timer was interrupted - probably did not wait as long as intended.
2025-09-04 11:02:58,612 INFO o.a.j.t.JMeterThread: Thread finished: Flujo de compra 1-1
2025-09-04 11:02:58,617 INFO o.a.j.t.JMeterThread: Thread finished: Flujo de compra 1-2
2025-09-04 11:02:58,618 INFO o.a.j.t.JMeterThread: Thread finished: Flujo de compra 1-3
2025-09-04 11:02:58,619 INFO o.a.j.e.StandardJMeterEngine: Notifying test listeners of end of test
2025-09-04 11:02:58,619 INFO o.a.j.s.FileServer: Close: /home/ignacio/IdeaProjects/prototipo-api/TestJMeter/usuarios_ejemplo.csv
2025-09-04 11:02:58,622 INFO o.a.j.g.u.JMeterMenuBar: setRunning(false, *local*)
2025-09-04 11:06:30,334 INFO o.a.j.e.StandardJMeterEngine: Running the test!
2025-09-04 11:06:30,335 INFO o.a.j.s.SampleEvent: List of sample_variables: []
2025-09-04 11:06:30,335 INFO o.a.j.g.u.JMeterMenuBar: setRunning(true, *local*)
2025-09-04 11:06:30,402 INFO o.a.j.e.StandardJMeterEngine: Starting ThreadGroup: 1 : Login
2025-09-04 11:06:30,402 INFO o.a.j.e.StandardJMeterEngine: Starting 5 threads for group Login.
2025-09-04 11:06:30,402 INFO o.a.j.e.StandardJMeterEngine: Thread will continue on error
2025-09-04 11:06:30,402 INFO o.a.j.t.ThreadGroup: Starting thread group... number=1 threads=5 ramp-up=1 delayedStart=false
2025-09-04 11:06:30,403 INFO o.a.j.t.JMeterThread: Thread started: Login 1-1
2025-09-04 11:06:30,406 INFO o.a.j.t.ThreadGroup: Started thread group number 1
2025-09-04 11:06:30,406 INFO o.a.j.e.StandardJMeterEngine: All thread groups have been started
2025-09-04 11:06:30,605 INFO o.a.j.t.JMeterThread: Thread started: Login 1-2
2025-09-04 11:06:30,803 INFO o.a.j.t.JMeterThread: Thread started: Login 1-3
2025-09-04 11:06:31,004 INFO o.a.j.t.JMeterThread: Thread started: Login 1-4
2025-09-04 11:06:31,203 INFO o.a.j.t.JMeterThread: Thread started: Login 1-5
2025-09-04 11:06:33,233 INFO o.a.j.g.a.Start: Stopping test
2025-09-04 11:06:33,238 INFO o.a.j.t.JMeterThread: Stopping: Login 1-3
2025-09-04 11:06:33,238 INFO o.a.j.t.JMeterThread: Stopping: Login 1-2
2025-09-04 11:06:33,238 INFO o.a.j.t.JMeterThread: Stopping: Login 1-4
2025-09-04 11:06:33,238 INFO o.a.j.t.JMeterThread: Stopping: Login 1-5
2025-09-04 11:06:33,238 INFO o.a.j.t.JMeterThread: Stopping: Login 1-1
2025-09-04 11:06:33,238 WARN o.a.j.t.JMeterThread: The delay timer was interrupted - probably did not wait as long as intended.
2025-09-04 11:06:33,239 WARN o.a.j.t.JMeterThread: The delay timer was interrupted - probably did not wait as long as intended.
2025-09-04 11:06:33,239 WARN o.a.j.t.JMeterThread: The delay timer was interrupted - probably did not wait as long as intended.
2025-09-04 11:06:33,239 INFO o.a.j.t.JMeterThread: Thread finished: Login 1-2
2025-09-04 11:06:33,239 INFO o.a.j.t.JMeterThread: Thread finished: Login 1-3
2025-09-04 11:06:33,239 WARN o.a.j.t.JMeterThread: The delay timer was interrupted - probably did not wait as long as intended.
2025-09-04 11:06:33,239 INFO o.a.j.t.JMeterThread: Thread finished: Login 1-1
2025-09-04 11:06:33,239 INFO o.a.j.t.JMeterThread: Thread finished: Login 1-5
2025-09-04 11:06:33,239 WARN o.a.j.t.JMeterThread: The delay timer was interrupted - probably did not wait as long as intended.
2025-09-04 11:06:33,239 INFO o.a.j.t.JMeterThread: Thread finished: Login 1-4
2025-09-04 11:06:33,239 INFO o.a.j.e.StandardJMeterEngine: Notifying test listeners of end of test
2025-09-04 11:06:33,240 INFO o.a.j.g.u.JMeterMenuBar: setRunning(false, *local*)
2025-09-04 11:06:34,433 INFO o.a.j.e.StandardJMeterEngine: Running the test!
2025-09-04 11:06:34,433 INFO o.a.j.s.SampleEvent: List of sample_variables: []
2025-09-04 11:06:34,435 INFO o.a.j.g.u.JMeterMenuBar: setRunning(true, *local*)
2025-09-04 11:06:34,436 INFO o.a.j.e.StandardJMeterEngine: Starting ThreadGroup: 1 : Login
2025-09-04 11:06:34,436 INFO o.a.j.e.StandardJMeterEngine: Starting 5 threads for group Login.
2025-09-04 11:06:34,436 INFO o.a.j.e.StandardJMeterEngine: Thread will continue on error
2025-09-04 11:06:34,436 INFO o.a.j.t.ThreadGroup: Starting thread group... number=1 threads=5 ramp-up=1 delayedStart=false
2025-09-04 11:06:34,448 INFO o.a.j.t.JMeterThread: Thread started: Login 1-1
2025-09-04 11:06:34,451 INFO o.a.j.t.ThreadGroup: Started thread group number 1
2025-09-04 11:06:34,457 INFO o.a.j.e.StandardJMeterEngine: Starting ThreadGroup: 2 : Flujo de compra
2025-09-04 11:06:34,457 INFO o.a.j.e.StandardJMeterEngine: Starting 5 threads for group Flujo de compra.
2025-09-04 11:06:34,457 INFO o.a.j.e.StandardJMeterEngine: Thread will continue on error
2025-09-04 11:06:34,457 INFO o.a.j.t.ThreadGroup: Starting thread group... number=2 threads=5 ramp-up=1 delayedStart=false
2025-09-04 11:06:34,458 INFO o.a.j.t.JMeterThread: Thread started: Flujo de compra 2-1
2025-09-04 11:06:34,458 INFO o.a.j.s.FileServer: Stored: /home/ignacio/IdeaProjects/prototipo-api/TestJMeter/usuarios_ejemplo.csv
2025-09-04 11:06:34,462 INFO o.a.j.t.ThreadGroup: Started thread group number 2
2025-09-04 11:06:34,462 INFO o.a.j.e.StandardJMeterEngine: Starting ThreadGroup: 3 : Registro de usuarios
2025-09-04 11:06:34,462 INFO o.a.j.e.StandardJMeterEngine: Starting 20 threads for group Registro de usuarios.
2025-09-04 11:06:34,463 INFO o.a.j.e.StandardJMeterEngine: Thread will continue on error
2025-09-04 11:06:34,463 INFO o.a.j.t.ThreadGroup: Starting thread group... number=3 threads=20 ramp-up=1 delayedStart=false
2025-09-04 11:06:34,464 INFO o.a.j.t.JMeterThread: Thread started: Registro de usuarios 3-1
2025-09-04 11:06:34,498 INFO o.a.j.t.ThreadGroup: Started thread group number 3
2025-09-04 11:06:34,499 INFO o.a.j.e.StandardJMeterEngine: Starting ThreadGroup: 4 : Operaciones de catálogo
2025-09-04 11:06:34,500 INFO o.a.j.e.StandardJMeterEngine: Starting 5 threads for group Operaciones de catálogo.
2025-09-04 11:06:34,501 INFO o.a.j.e.StandardJMeterEngine: Thread will continue on error
2025-09-04 11:06:34,501 INFO o.a.j.t.ThreadGroup: Starting thread group... number=4 threads=5 ramp-up=1 delayedStart=false
2025-09-04 11:06:34,505 INFO o.a.j.t.JMeterThread: Thread started: Operaciones de catálogo 4-1
2025-09-04 11:06:34,508 INFO o.a.j.t.ThreadGroup: Started thread group number 4
2025-09-04 11:06:34,508 INFO o.a.j.e.StandardJMeterEngine: Starting ThreadGroup: 5 : Operaciones de pedido
2025-09-04 11:06:34,508 INFO o.a.j.e.StandardJMeterEngine: Starting 5 threads for group Operaciones de pedido.
2025-09-04 11:06:34,509 INFO o.a.j.e.StandardJMeterEngine: Thread will continue on error
2025-09-04 11:06:34,509 INFO o.a.j.t.ThreadGroup: Starting thread group... number=5 threads=5 ramp-up=1 delayedStart=false
2025-09-04 11:06:34,515 INFO o.a.j.t.JMeterThread: Thread started: Operaciones de pedido 5-1
2025-09-04 11:06:34,516 INFO o.a.j.t.ThreadGroup: Started thread group number 5
2025-09-04 11:06:34,517 INFO o.a.j.e.StandardJMeterEngine: All thread groups have been started
2025-09-04 11:06:34,519 INFO o.a.j.t.JMeterThread: Thread started: Registro de usuarios 3-2
2025-09-04 11:06:34,570 INFO o.a.j.t.JMeterThread: Thread started: Registro de usuarios 3-3
2025-09-04 11:06:34,615 INFO o.a.j.t.JMeterThread: Thread started: Registro de usuarios 3-4
2025-09-04 11:06:34,645 INFO o.a.j.t.JMeterThread: Thread started: Login 1-2
2025-09-04 11:06:34,669 INFO o.a.j.t.JMeterThread: Thread started: Registro de usuarios 3-5
2025-09-04 11:06:34,670 INFO o.a.j.t.JMeterThread: Thread started: Flujo de compra 2-2
2025-09-04 11:06:34,703 INFO o.a.j.t.JMeterThread: Thread started: Operaciones de catálogo 4-2
2025-09-04 11:06:34,712 INFO o.a.j.t.JMeterThread: Thread started: Operaciones de pedido 5-2
2025-09-04 11:06:34,715 INFO o.a.j.t.JMeterThread: Thread started: Registro de usuarios 3-6
2025-09-04 11:06:34,764 INFO o.a.j.t.JMeterThread: Thread started: Registro de usuarios 3-7
2025-09-04 11:06:34,821 INFO o.a.j.t.JMeterThread: Thread started: Registro de usuarios 3-8
2025-09-04 11:06:34,846 INFO o.a.j.t.JMeterThread: Thread started: Login 1-3
2025-09-04 11:06:34,862 INFO o.a.j.t.JMeterThread: Thread started: Flujo de compra 2-3
2025-09-04 11:06:34,866 INFO o.a.j.t.JMeterThread: Thread started: Registro de usuarios 3-9
2025-09-04 11:06:34,907 INFO o.a.j.t.JMeterThread: Thread started: Operaciones de catálogo 4-3
2025-09-04 11:06:34,911 INFO o.a.j.t.JMeterThread: Thread started: Operaciones de pedido 5-3
2025-09-04 11:06:34,917 INFO o.a.j.t.JMeterThread: Thread started: Registro de usuarios 3-10
2025-09-04 11:06:34,939 INFO o.a.j.t.JMeterThread: Thread is done: Registro de usuarios 3-10
2025-09-04 11:06:34,939 INFO o.a.j.t.JMeterThread: Thread finished: Registro de usuarios 3-10
2025-09-04 11:06:34,944 INFO o.a.j.t.JMeterThread: Thread is done: Registro de usuarios 3-7
2025-09-04 11:06:34,944 INFO o.a.j.t.JMeterThread: Thread finished: Registro de usuarios 3-7
2025-09-04 11:06:34,955 INFO o.a.j.t.JMeterThread: Thread is done: Registro de usuarios 3-1
2025-09-04 11:06:34,955 INFO o.a.j.t.JMeterThread: Thread finished: Registro de usuarios 3-1
2025-09-04 11:06:34,972 INFO o.a.j.t.JMeterThread: Thread started: Registro de usuarios 3-11
2025-09-04 11:06:34,982 INFO o.a.j.t.JMeterThread: Thread is done: Registro de usuarios 3-11
2025-09-04 11:06:34,982 INFO o.a.j.t.JMeterThread: Thread finished: Registro de usuarios 3-11
2025-09-04 11:06:34,991 INFO o.a.j.t.JMeterThread: Thread is done: Registro de usuarios 3-4
2025-09-04 11:06:34,991 INFO o.a.j.t.JMeterThread: Thread finished: Registro de usuarios 3-4
2025-09-04 11:06:35,015 INFO o.a.j.t.JMeterThread: Thread started: Registro de usuarios 3-12
2025-09-04 11:06:35,035 INFO o.a.j.t.JMeterThread: Thread is done: Registro de usuarios 3-3
2025-09-04 11:06:35,035 INFO o.a.j.t.JMeterThread: Thread finished: Registro de usuarios 3-3
2025-09-04 11:06:35,044 INFO o.a.j.t.JMeterThread: Thread started: Login 1-4
2025-09-04 11:06:35,060 INFO o.a.j.t.JMeterThread: Thread started: Flujo de compra 2-4
2025-09-04 11:06:35,065 INFO o.a.j.t.JMeterThread: Thread started: Registro de usuarios 3-13
2025-09-04 11:06:35,104 INFO o.a.j.t.JMeterThread: Thread started: Operaciones de catálogo 4-4
2025-09-04 11:06:35,114 INFO o.a.j.t.JMeterThread: Thread is done: Registro de usuarios 3-9
2025-09-04 11:06:35,114 INFO o.a.j.t.JMeterThread: Thread finished: Registro de usuarios 3-9
2025-09-04 11:06:35,114 INFO o.a.j.t.JMeterThread: Thread started: Operaciones de pedido 5-4
2025-09-04 11:06:35,116 INFO o.a.j.t.JMeterThread: Thread started: Registro de usuarios 3-14
2025-09-04 11:06:35,150 INFO o.a.j.t.JMeterThread: Thread is done: Registro de usuarios 3-12
2025-09-04 11:06:35,150 INFO o.a.j.t.JMeterThread: Thread finished: Registro de usuarios 3-12
2025-09-04 11:06:35,167 INFO o.a.j.t.JMeterThread: Thread started: Registro de usuarios 3-15
2025-09-04 11:06:35,215 INFO o.a.j.t.JMeterThread: Thread started: Registro de usuarios 3-16
2025-09-04 11:06:35,240 INFO o.a.j.t.JMeterThread: Thread is done: Registro de usuarios 3-16
2025-09-04 11:06:35,240 INFO o.a.j.t.JMeterThread: Thread finished: Registro de usuarios 3-16
2025-09-04 11:06:35,241 INFO o.a.j.t.JMeterThread: Thread started: Login 1-5
2025-09-04 11:06:35,259 INFO o.a.j.t.JMeterThread: Thread started: Flujo de compra 2-5
2025-09-04 11:06:35,264 INFO o.a.j.t.JMeterThread: Thread started: Registro de usuarios 3-17
2025-09-04 11:06:35,305 INFO o.a.j.t.JMeterThread: Thread started: Operaciones de catálogo 4-5
2025-09-04 11:06:35,311 INFO o.a.j.t.JMeterThread: Thread started: Operaciones de pedido 5-5
2025-09-04 11:06:35,316 INFO o.a.j.t.JMeterThread: Thread started: Registro de usuarios 3-18
2025-09-04 11:06:35,366 INFO o.a.j.t.JMeterThread: Thread started: Registro de usuarios 3-19
2025-09-04 11:06:35,387 INFO o.a.j.t.JMeterThread: Thread is done: Registro de usuarios 3-2
2025-09-04 11:06:35,387 INFO o.a.j.t.JMeterThread: Thread finished: Registro de usuarios 3-2
2025-09-04 11:06:35,415 INFO o.a.j.t.JMeterThread: Thread started: Registro de usuarios 3-20
2025-09-04 11:06:35,478 INFO o.a.j.t.JMeterThread: Thread is done: Registro de usuarios 3-5
2025-09-04 11:06:35,478 INFO o.a.j.t.JMeterThread: Thread finished: Registro de usuarios 3-5
2025-09-04 11:06:35,727 INFO o.a.j.t.JMeterThread: Thread is done: Registro de usuarios 3-6
2025-09-04 11:06:35,727 INFO o.a.j.t.JMeterThread: Thread finished: Registro de usuarios 3-6
2025-09-04 11:06:35,882 INFO o.a.j.t.JMeterThread: Thread is done: Registro de usuarios 3-18
2025-09-04 11:06:35,882 INFO o.a.j.t.JMeterThread: Thread finished: Registro de usuarios 3-18
2025-09-04 11:06:35,883 INFO o.a.j.t.JMeterThread: Thread is done: Registro de usuarios 3-8
2025-09-04 11:06:35,883 INFO o.a.j.t.JMeterThread: Thread finished: Registro de usuarios 3-8
2025-09-04 11:06:35,882 INFO o.a.j.t.JMeterThread: Thread is done: Registro de usuarios 3-20
2025-09-04 11:06:35,885 INFO o.a.j.t.JMeterThread: Thread finished: Registro de usuarios 3-20
2025-09-04 11:06:35,886 INFO o.a.j.t.JMeterThread: Thread is done: Registro de usuarios 3-14
2025-09-04 11:06:35,887 INFO o.a.j.t.JMeterThread: Thread finished: Registro de usuarios 3-14
2025-09-04 11:06:36,341 INFO o.a.j.t.JMeterThread: Thread is done: Registro de usuarios 3-19
2025-09-04 11:06:36,341 INFO o.a.j.t.JMeterThread: Thread finished: Registro de usuarios 3-19
2025-09-04 11:06:36,344 INFO o.a.j.t.JMeterThread: Thread is done: Registro de usuarios 3-15
2025-09-04 11:06:36,345 INFO o.a.j.t.JMeterThread: Thread finished: Registro de usuarios 3-15
2025-09-04 11:06:37,107 INFO o.a.j.t.JMeterThread: Thread is done: Registro de usuarios 3-13
2025-09-04 11:06:37,108 INFO o.a.j.t.JMeterThread: Thread finished: Registro de usuarios 3-13
2025-09-04 11:06:37,216 INFO o.a.j.t.JMeterThread: Thread is done: Registro de usuarios 3-17
2025-09-04 11:06:37,217 INFO o.a.j.t.JMeterThread: Thread finished: Registro de usuarios 3-17
2025-09-04 11:08:08,503 INFO o.a.j.g.a.Start: Stopping test
2025-09-04 11:08:08,509 INFO o.a.j.t.JMeterThread: Stopping: Login 1-4
2025-09-04 11:08:08,510 INFO o.a.j.t.JMeterThread: Stopping: Login 1-1
2025-09-04 11:08:08,510 INFO o.a.j.t.JMeterThread: Stopping: Login 1-5
2025-09-04 11:08:08,510 INFO o.a.j.t.JMeterThread: Stopping: Login 1-2
2025-09-04 11:08:08,510 INFO o.a.j.t.JMeterThread: Stopping: Login 1-3
2025-09-04 11:08:08,510 INFO o.a.j.t.JMeterThread: Stopping: Flujo de compra 2-2
2025-09-04 11:08:08,510 WARN o.a.j.t.JMeterThread: The delay timer was interrupted - probably did not wait as long as intended.
2025-09-04 11:08:08,510 INFO o.a.j.t.JMeterThread: Stopping: Flujo de compra 2-4
2025-09-04 11:08:08,510 INFO o.a.j.t.JMeterThread: Stopping: Flujo de compra 2-5
2025-09-04 11:08:08,510 WARN o.a.j.t.JMeterThread: The delay timer was interrupted - probably did not wait as long as intended.
2025-09-04 11:08:08,511 INFO o.a.j.t.JMeterThread: Thread finished: Login 1-1
2025-09-04 11:08:08,511 INFO o.a.j.t.JMeterThread: Stopping: Flujo de compra 2-3
2025-09-04 11:08:08,511 INFO o.a.j.t.JMeterThread: Thread finished: Flujo de compra 2-4
2025-09-04 11:08:08,511 WARN o.a.j.t.JMeterThread: Interrupting: Flujo de compra 2-3 sampler: Vaciar Carrito
2025-09-04 11:08:08,511 INFO o.a.j.t.JMeterThread: Stopping: Flujo de compra 2-1
2025-09-04 11:08:08,511 INFO o.a.j.t.JMeterThread: Stopping: Operaciones de catálogo 4-2
2025-09-04 11:08:08,510 WARN o.a.j.t.JMeterThread: The delay timer was interrupted - probably did not wait as long as intended.
2025-09-04 11:08:08,511 INFO o.a.j.t.JMeterThread: Stopping: Operaciones de catálogo 4-4
2025-09-04 11:08:08,511 INFO o.a.j.t.JMeterThread: Thread finished: Login 1-4
2025-09-04 11:08:08,512 WARN o.a.j.t.JMeterThread: The delay timer was interrupted - probably did not wait as long as intended.
2025-09-04 11:08:08,512 INFO o.a.j.t.JMeterThread: Thread finished: Flujo de compra 2-3
2025-09-04 11:08:08,512 WARN o.a.j.t.JMeterThread: The delay timer was interrupted - probably did not wait as long as intended.
2025-09-04 11:08:08,512 INFO o.a.j.t.JMeterThread: Thread finished: Flujo de compra 2-1
2025-09-04 11:08:08,512 INFO o.a.j.t.JMeterThread: Thread finished: Operaciones de catálogo 4-2
2025-09-04 11:08:08,513 WARN o.a.j.t.JMeterThread: The delay timer was interrupted - probably did not wait as long as intended.
2025-09-04 11:08:08,513 INFO o.a.j.t.JMeterThread: Thread finished: Login 1-5
2025-09-04 11:08:08,514 WARN o.a.j.t.JMeterThread: The delay timer was interrupted - probably did not wait as long as intended.
2025-09-04 11:08:08,514 INFO o.a.j.t.JMeterThread: Thread finished: Login 1-2
2025-09-04 11:08:08,514 WARN o.a.j.t.JMeterThread: The delay timer was interrupted - probably did not wait as long as intended.
2025-09-04 11:08:08,514 INFO o.a.j.t.JMeterThread: Thread finished: Login 1-3
2025-09-04 11:08:08,515 WARN o.a.j.t.JMeterThread: The delay timer was interrupted - probably did not wait as long as intended.
2025-09-04 11:08:08,515 INFO o.a.j.t.JMeterThread: Thread finished: Flujo de compra 2-2
2025-09-04 11:08:08,516 WARN o.a.j.t.JMeterThread: The delay timer was interrupted - probably did not wait as long as intended.
2025-09-04 11:08:08,516 INFO o.a.j.t.JMeterThread: Thread finished: Flujo de compra 2-5
2025-09-04 11:08:08,512 INFO o.a.j.t.JMeterThread: Stopping: Operaciones de catálogo 4-1
2025-09-04 11:08:08,512 WARN o.a.j.t.JMeterThread: The delay timer was interrupted - probably did not wait as long as intended.
2025-09-04 11:08:08,517 WARN o.a.j.t.JMeterThread: Interrupting: Operaciones de catálogo 4-1 sampler: Ver detalle producto
2025-09-04 11:08:08,517 INFO o.a.j.t.JMeterThread: Thread finished: Operaciones de catálogo 4-4
2025-09-04 11:08:08,517 INFO o.a.j.t.JMeterThread: Stopping: Operaciones de catálogo 4-5
2025-09-04 11:08:08,517 INFO o.a.j.t.JMeterThread: Stopping: Operaciones de catálogo 4-3
2025-09-04 11:08:08,517 INFO o.a.j.t.JMeterThread: Stopping: Operaciones de pedido 5-2
2025-09-04 11:08:08,518 WARN o.a.j.t.JMeterThread: Interrupting: Operaciones de pedido 5-2 sampler: Crear pedido
2025-09-04 11:08:08,518 INFO o.a.j.t.JMeterThread: Stopping: Operaciones de pedido 5-3
2025-09-04 11:08:08,518 WARN o.a.j.t.JMeterThread: Interrupting: Operaciones de pedido 5-3 sampler: Ver pedidos
2025-09-04 11:08:08,518 INFO o.a.j.t.JMeterThread: Stopping: Operaciones de pedido 5-1
2025-09-04 11:08:08,518 WARN o.a.j.t.JMeterThread: Interrupting: Operaciones de pedido 5-1 sampler: Ver pedidos
2025-09-04 11:08:08,519 INFO o.a.j.t.JMeterThread: Thread finished: Operaciones de pedido 5-3
2025-09-04 11:08:08,518 WARN o.a.j.t.JMeterThread: The delay timer was interrupted - probably did not wait as long as intended.
2025-09-04 11:08:08,519 WARN o.a.j.t.JMeterThread: The delay timer was interrupted - probably did not wait as long as intended.
2025-09-04 11:08:08,519 INFO o.a.j.t.JMeterThread: Thread finished: Operaciones de catálogo 4-5
2025-09-04 11:08:08,519 INFO o.a.j.t.JMeterThread: Thread finished: Operaciones de catálogo 4-3
2025-09-04 11:08:08,520 INFO o.a.j.t.JMeterThread: Stopping: Operaciones de pedido 5-4
2025-09-04 11:08:08,520 WARN o.a.j.t.JMeterThread: Interrupting: Operaciones de pedido 5-4 sampler: Ver pedidos
2025-09-04 11:08:08,520 INFO o.a.j.t.JMeterThread: Stopping: Operaciones de pedido 5-5
2025-09-04 11:08:08,520 WARN o.a.j.t.JMeterThread: Interrupting: Operaciones de pedido 5-5 sampler: Crear pedido
2025-09-04 11:08:08,518 INFO o.a.j.t.JMeterThread: Thread finished: Operaciones de catálogo 4-1
2025-09-04 11:08:08,520 INFO o.a.j.t.JMeterThread: Thread finished: Operaciones de pedido 5-1
2025-09-04 11:08:08,520 INFO o.a.j.t.JMeterThread: Thread finished: Operaciones de pedido 5-2
2025-09-04 11:08:08,521 INFO o.a.j.t.JMeterThread: Thread finished: Operaciones de pedido 5-4
2025-09-04 11:08:08,524 INFO o.a.j.t.JMeterThread: Thread finished: Operaciones de pedido 5-5
2025-09-04 11:08:08,524 INFO o.a.j.e.StandardJMeterEngine: Notifying test listeners of end of test
2025-09-04 11:08:08,524 INFO o.a.j.s.FileServer: Close: /home/ignacio/IdeaProjects/prototipo-api/TestJMeter/usuarios_ejemplo.csv
2025-09-04 11:08:08,525 INFO o.a.j.g.u.JMeterMenuBar: setRunning(false, *local*)
2025-09-04 11:09:45,553 INFO o.a.j.e.StandardJMeterEngine: Running the test!
2025-09-04 11:09:45,558 INFO o.a.j.s.SampleEvent: List of sample_variables: []
2025-09-04 11:09:45,559 INFO o.a.j.g.u.JMeterMenuBar: setRunning(true, *local*)
2025-09-04 11:09:45,635 INFO o.a.j.e.StandardJMeterEngine: Starting ThreadGroup: 1 : Flujo de compra
2025-09-04 11:09:45,635 INFO o.a.j.e.StandardJMeterEngine: Starting 5 threads for group Flujo de compra.
2025-09-04 11:09:45,635 INFO o.a.j.e.StandardJMeterEngine: Thread will continue on error
2025-09-04 11:09:45,635 INFO o.a.j.t.ThreadGroup: Starting thread group... number=1 threads=5 ramp-up=1 delayedStart=false
2025-09-04 11:09:45,645 INFO o.a.j.t.JMeterThread: Thread started: Flujo de compra 1-1
2025-09-04 11:09:45,645 INFO o.a.j.s.FileServer: Stored: /home/ignacio/IdeaProjects/prototipo-api/TestJMeter/usuarios_ejemplo.csv
2025-09-04 11:09:45,650 INFO o.a.j.t.ThreadGroup: Started thread group number 1
2025-09-04 11:09:45,650 INFO o.a.j.e.StandardJMeterEngine: All thread groups have been started
2025-09-04 11:09:45,840 INFO o.a.j.t.JMeterThread: Thread started: Flujo de compra 1-2
2025-09-04 11:09:46,038 INFO o.a.j.t.JMeterThread: Thread started: Flujo de compra 1-3
2025-09-04 11:09:46,237 INFO o.a.j.t.JMeterThread: Thread started: Flujo de compra 1-4
2025-09-04 11:09:46,436 INFO o.a.j.t.JMeterThread: Thread started: Flujo de compra 1-5
2025-09-04 11:10:06,321 INFO o.a.j.g.a.Start: Stopping test
2025-09-04 11:10:06,327 INFO o.a.j.t.JMeterThread: Stopping: Flujo de compra 1-1
2025-09-04 11:10:06,327 WARN o.a.j.t.JMeterThread: Interrupting: Flujo de compra 1-1 sampler: Pagar carrito
2025-09-04 11:10:06,327 INFO o.a.j.t.JMeterThread: Stopping: Flujo de compra 1-4
2025-09-04 11:10:06,328 WARN o.a.j.t.JMeterThread: Interrupting: Flujo de compra 1-4 sampler: Pagar carrito
2025-09-04 11:10:06,328 INFO o.a.j.t.JMeterThread: Stopping: Flujo de compra 1-5
2025-09-04 11:10:06,328 INFO o.a.j.t.JMeterThread: Stopping: Flujo de compra 1-2
2025-09-04 11:10:06,328 WARN o.a.j.t.JMeterThread: Interrupting: Flujo de compra 1-2 sampler: Pagar carrito
2025-09-04 11:10:06,328 WARN o.a.j.t.JMeterThread: The delay timer was interrupted - probably did not wait as long as intended.
2025-09-04 11:10:06,328 INFO o.a.j.t.JMeterThread: Stopping: Flujo de compra 1-3
2025-09-04 11:10:06,328 WARN o.a.j.t.JMeterThread: Interrupting: Flujo de compra 1-3 sampler: Pagar carrito
2025-09-04 11:10:06,328 INFO o.a.j.t.JMeterThread: Thread finished: Flujo de compra 1-5
2025-09-04 11:10:06,329 INFO o.a.j.t.JMeterThread: Thread finished: Flujo de compra 1-1
2025-09-04 11:10:06,329 INFO o.a.j.t.JMeterThread: Thread finished: Flujo de compra 1-3
2025-09-04 11:10:06,329 INFO o.a.j.t.JMeterThread: Thread finished: Flujo de compra 1-4
2025-09-04 11:10:06,329 INFO o.a.j.t.JMeterThread: Thread finished: Flujo de compra 1-2
2025-09-04 11:10:06,330 INFO o.a.j.e.StandardJMeterEngine: Notifying test listeners of end of test
2025-09-04 11:10:06,330 INFO o.a.j.s.FileServer: Close: /home/ignacio/IdeaProjects/prototipo-api/TestJMeter/usuarios_ejemplo.csv
2025-09-04 11:10:06,330 INFO o.a.j.g.u.JMeterMenuBar: setRunning(false, *local*)
2025-09-04 11:10:11,062 INFO o.a.j.e.StandardJMeterEngine: Running the test!
2025-09-04 11:10:11,063 INFO o.a.j.s.SampleEvent: List of sample_variables: []
2025-09-04 11:10:11,065 INFO o.a.j.g.u.JMeterMenuBar: setRunning(true, *local*)
2025-09-04 11:10:11,166 INFO o.a.j.e.StandardJMeterEngine: Starting ThreadGroup: 1 : Login
2025-09-04 11:10:11,166 INFO o.a.j.e.StandardJMeterEngine: Starting 5 threads for group Login.
2025-09-04 11:10:11,167 INFO o.a.j.e.StandardJMeterEngine: Thread will continue on error
2025-09-04 11:10:11,167 INFO o.a.j.t.ThreadGroup: Starting thread group... number=1 threads=5 ramp-up=1 delayedStart=false
2025-09-04 11:10:11,167 INFO o.a.j.t.JMeterThread: Thread started: Login 1-1
2025-09-04 11:10:11,170 INFO o.a.j.t.ThreadGroup: Started thread group number 1
2025-09-04 11:10:11,170 INFO o.a.j.e.StandardJMeterEngine: Starting ThreadGroup: 2 : Flujo de compra
2025-09-04 11:10:11,170 INFO o.a.j.e.StandardJMeterEngine: Starting 5 threads for group Flujo de compra.
2025-09-04 11:10:11,170 INFO o.a.j.e.StandardJMeterEngine: Thread will continue on error
2025-09-04 11:10:11,170 INFO o.a.j.t.ThreadGroup: Starting thread group... number=2 threads=5 ramp-up=1 delayedStart=false
2025-09-04 11:10:11,171 INFO o.a.j.t.JMeterThread: Thread started: Flujo de compra 2-1
2025-09-04 11:10:11,171 INFO o.a.j.s.FileServer: Stored: /home/ignacio/IdeaProjects/prototipo-api/TestJMeter/usuarios_ejemplo.csv
2025-09-04 11:10:11,175 INFO o.a.j.t.ThreadGroup: Started thread group number 2
2025-09-04 11:10:11,175 INFO o.a.j.e.StandardJMeterEngine: Starting ThreadGroup: 3 : Operaciones de catálogo
2025-09-04 11:10:11,175 INFO o.a.j.e.StandardJMeterEngine: Starting 5 threads for group Operaciones de catálogo.
2025-09-04 11:10:11,175 INFO o.a.j.e.StandardJMeterEngine: Thread will continue on error
2025-09-04 11:10:11,175 INFO o.a.j.t.ThreadGroup: Starting thread group... number=3 threads=5 ramp-up=1 delayedStart=false
2025-09-04 11:10:11,178 INFO o.a.j.t.JMeterThread: Thread started: Operaciones de catálogo 3-1
2025-09-04 11:10:11,181 INFO o.a.j.t.ThreadGroup: Started thread group number 3
2025-09-04 11:10:11,181 INFO o.a.j.e.StandardJMeterEngine: Starting ThreadGroup: 4 : Operaciones de pedido
2025-09-04 11:10:11,181 INFO o.a.j.e.StandardJMeterEngine: Starting 5 threads for group Operaciones de pedido.
2025-09-04 11:10:11,181 INFO o.a.j.e.StandardJMeterEngine: Thread will continue on error
2025-09-04 11:10:11,181 INFO o.a.j.t.ThreadGroup: Starting thread group... number=4 threads=5 ramp-up=1 delayedStart=false
2025-09-04 11:10:11,183 INFO o.a.j.t.JMeterThread: Thread started: Operaciones de pedido 4-1
2025-09-04 11:10:11,187 INFO o.a.j.t.ThreadGroup: Started thread group number 4
2025-09-04 11:10:11,187 INFO o.a.j.e.StandardJMeterEngine: All thread groups have been started
2025-09-04 11:10:11,369 INFO o.a.j.t.JMeterThread: Thread started: Login 1-2
2025-09-04 11:10:11,372 INFO o.a.j.t.JMeterThread: Thread started: Flujo de compra 2-2
2025-09-04 11:10:11,377 INFO o.a.j.t.JMeterThread: Thread started: Operaciones de catálogo 3-2
2025-09-04 11:10:11,382 INFO o.a.j.t.JMeterThread: Thread started: Operaciones de pedido 4-2
2025-09-04 11:10:11,568 INFO o.a.j.t.JMeterThread: Thread started: Login 1-3
2025-09-04 11:10:11,573 INFO o.a.j.t.JMeterThread: Thread started: Flujo de compra 2-3
2025-09-04 11:10:11,577 INFO o.a.j.t.JMeterThread: Thread started: Operaciones de catálogo 3-3
2025-09-04 11:10:11,583 INFO o.a.j.t.JMeterThread: Thread started: Operaciones de pedido 4-3
2025-09-04 11:10:11,768 INFO o.a.j.t.JMeterThread: Thread started: Login 1-4
2025-09-04 11:10:11,774 INFO o.a.j.t.JMeterThread: Thread started: Flujo de compra 2-4
2025-09-04 11:10:11,779 INFO o.a.j.t.JMeterThread: Thread started: Operaciones de catálogo 3-4
2025-09-04 11:10:11,784 INFO o.a.j.t.JMeterThread: Thread started: Operaciones de pedido 4-4
2025-09-04 11:10:11,968 INFO o.a.j.t.JMeterThread: Thread started: Login 1-5
2025-09-04 11:10:11,972 INFO o.a.j.t.JMeterThread: Thread started: Flujo de compra 2-5
2025-09-04 11:10:11,977 INFO o.a.j.t.JMeterThread: Thread started: Operaciones de catálogo 3-5
2025-09-04 11:10:11,982 INFO o.a.j.t.JMeterThread: Thread started: Operaciones de pedido 4-5
2025-09-04 11:14:42,422 INFO o.a.j.g.a.Start: Stopping test
2025-09-04 11:14:42,431 INFO o.a.j.t.JMeterThread: Stopping: Login 1-2
2025-09-04 11:14:42,432 INFO o.a.j.t.JMeterThread: Stopping: Login 1-4
2025-09-04 11:14:42,432 INFO o.a.j.t.JMeterThread: Stopping: Login 1-5
2025-09-04 11:14:42,432 INFO o.a.j.t.JMeterThread: Stopping: Login 1-3
2025-09-04 11:14:42,432 WARN o.a.j.t.JMeterThread: The delay timer was interrupted - probably did not wait as long as intended.
2025-09-04 11:14:42,432 WARN o.a.j.t.JMeterThread: The delay timer was interrupted - probably did not wait as long as intended.
2025-09-04 11:14:42,432 INFO o.a.j.t.JMeterThread: Stopping: Login 1-1
2025-09-04 11:14:42,432 INFO o.a.j.t.JMeterThread: Thread finished: Login 1-4
2025-09-04 11:14:42,432 INFO o.a.j.t.JMeterThread: Stopping: Flujo de compra 2-5
2025-09-04 11:14:42,432 WARN o.a.j.t.JMeterThread: The delay timer was interrupted - probably did not wait as long as intended.
2025-09-04 11:14:42,432 INFO o.a.j.t.JMeterThread: Stopping: Flujo de compra 2-1
2025-09-04 11:14:42,433 INFO o.a.j.t.JMeterThread: Stopping: Flujo de compra 2-4
2025-09-04 11:14:42,433 WARN o.a.j.t.JMeterThread: The delay timer was interrupted - probably did not wait as long as intended.
2025-09-04 11:14:42,433 WARN o.a.j.t.JMeterThread: The delay timer was interrupted - probably did not wait as long as intended.
2025-09-04 11:14:42,433 INFO o.a.j.t.JMeterThread: Stopping: Flujo de compra 2-2
2025-09-04 11:14:42,433 WARN o.a.j.t.JMeterThread: The delay timer was interrupted - probably did not wait as long as intended.
2025-09-04 11:14:42,433 WARN o.a.j.t.JMeterThread: The delay timer was interrupted - probably did not wait as long as intended.
2025-09-04 11:14:42,433 WARN o.a.j.t.JMeterThread: The delay timer was interrupted - probably did not wait as long as intended.
2025-09-04 11:14:42,433 INFO o.a.j.t.JMeterThread: Thread finished: Flujo de compra 2-1
2025-09-04 11:14:42,433 INFO o.a.j.t.JMeterThread: Thread finished: Flujo de compra 2-2
2025-09-04 11:14:42,432 INFO o.a.j.t.JMeterThread: Thread finished: Login 1-5
2025-09-04 11:14:42,433 INFO o.a.j.t.JMeterThread: Thread finished: Flujo de compra 2-4
2025-09-04 11:14:42,433 INFO o.a.j.t.JMeterThread: Thread finished: Flujo de compra 2-5
2025-09-04 11:14:42,433 INFO o.a.j.t.JMeterThread: Stopping: Flujo de compra 2-3
2025-09-04 11:14:42,434 WARN o.a.j.t.JMeterThread: The delay timer was interrupted - probably did not wait as long as intended.
2025-09-04 11:14:42,434 WARN o.a.j.t.JMeterThread: Interrupting: Flujo de compra 2-3 sampler: Pagar carrito
2025-09-04 11:14:42,434 INFO o.a.j.t.JMeterThread: Thread finished: Login 1-1
2025-09-04 11:14:42,434 INFO o.a.j.t.JMeterThread: Thread finished: Login 1-2
2025-09-04 11:14:42,433 INFO o.a.j.t.JMeterThread: Thread finished: Login 1-3
2025-09-04 11:14:42,434 INFO o.a.j.t.JMeterThread: Stopping: Operaciones de catálogo 3-2
2025-09-04 11:14:42,435 INFO o.a.j.t.JMeterThread: Stopping: Operaciones de catálogo 3-1
2025-09-04 11:14:42,435 WARN o.a.j.t.JMeterThread: The delay timer was interrupted - probably did not wait as long as intended.
2025-09-04 11:14:42,435 INFO o.a.j.t.JMeterThread: Stopping: Operaciones de catálogo 3-3
2025-09-04 11:14:42,435 INFO o.a.j.t.JMeterThread: Thread finished: Operaciones de catálogo 3-2
2025-09-04 11:14:42,435 INFO o.a.j.t.JMeterThread: Thread finished: Flujo de compra 2-3
2025-09-04 11:14:42,436 WARN o.a.j.t.JMeterThread: The delay timer was interrupted - probably did not wait as long as intended.
2025-09-04 11:14:42,436 INFO o.a.j.t.JMeterThread: Thread finished: Operaciones de catálogo 3-1
2025-09-04 11:14:42,436 INFO o.a.j.t.JMeterThread: Stopping: Operaciones de catálogo 3-4
2025-09-04 11:14:42,436 WARN o.a.j.t.JMeterThread: The delay timer was interrupted - probably did not wait as long as intended.
2025-09-04 11:14:42,436 INFO o.a.j.t.JMeterThread: Stopping: Operaciones de catálogo 3-5
2025-09-04 11:14:42,436 INFO o.a.j.t.JMeterThread: Stopping: Operaciones de pedido 4-2
2025-09-04 11:14:42,436 INFO o.a.j.t.JMeterThread: Stopping: Operaciones de pedido 4-5
2025-09-04 11:14:42,437 INFO o.a.j.t.JMeterThread: Stopping: Operaciones de pedido 4-4
2025-09-04 11:14:42,437 INFO o.a.j.t.JMeterThread: Thread finished: Operaciones de catálogo 3-3
2025-09-04 11:14:42,438 INFO o.a.j.t.JMeterThread: Stopping: Operaciones de pedido 4-3
2025-09-04 11:14:42,438 INFO o.a.j.t.JMeterThread: Stopping: Operaciones de pedido 4-1
2025-09-04 11:14:42,438 WARN o.a.j.t.JMeterThread: Interrupting: Operaciones de pedido 4-1 sampler: Crear pedido
2025-09-04 11:14:42,437 WARN o.a.j.t.JMeterThread: The delay timer was interrupted - probably did not wait as long as intended.
2025-09-04 11:14:42,438 WARN o.a.j.t.JMeterThread: The delay timer was interrupted - probably did not wait as long as intended.
2025-09-04 11:14:42,438 INFO o.a.j.t.JMeterThread: Thread finished: Operaciones de pedido 4-2
2025-09-04 11:14:42,438 WARN o.a.j.t.JMeterThread: The delay timer was interrupted - probably did not wait as long as intended.
2025-09-04 11:14:42,438 INFO o.a.j.t.JMeterThread: Thread finished: Operaciones de pedido 4-5
2025-09-04 11:14:42,437 WARN o.a.j.t.JMeterThread: The delay timer was interrupted - probably did not wait as long as intended.
2025-09-04 11:14:42,438 INFO o.a.j.t.JMeterThread: Thread finished: Operaciones de pedido 4-3
2025-09-04 11:14:42,440 INFO o.a.j.t.JMeterThread: Thread finished: Operaciones de pedido 4-1
2025-09-04 11:14:42,437 WARN o.a.j.t.JMeterThread: The delay timer was interrupted - probably did not wait as long as intended.
2025-09-04 11:14:42,438 INFO o.a.j.t.JMeterThread: Thread finished: Operaciones de catálogo 3-4
2025-09-04 11:14:42,441 INFO o.a.j.t.JMeterThread: Thread finished: Operaciones de catálogo 3-5
2025-09-04 11:14:42,438 WARN o.a.j.t.JMeterThread: The delay timer was interrupted - probably did not wait as long as intended.
2025-09-04 11:14:42,441 INFO o.a.j.t.JMeterThread: Thread finished: Operaciones de pedido 4-4
2025-09-04 11:14:42,442 INFO o.a.j.e.StandardJMeterEngine: Notifying test listeners of end of test
2025-09-04 11:14:42,442 INFO o.a.j.s.FileServer: Close: /home/ignacio/IdeaProjects/prototipo-api/TestJMeter/usuarios_ejemplo.csv
2025-09-04 11:14:42,442 INFO o.a.j.g.u.JMeterMenuBar: setRunning(false, *local*)
